2025-07-28 09:43:13,095:WARNING:
'cuml' is a soft dependency and not included in the pycaret installation. Please run: `pip install cuml` to install.
2025-07-28 09:43:13,095:WARNING:
'cuml' is a soft dependency and not included in the pycaret installation. Please run: `pip install cuml` to install.
2025-07-28 09:43:13,095:WARNING:
'cuml' is a soft dependency and not included in the pycaret installation. Please run: `pip install cuml` to install.
2025-07-28 09:43:13,095:WARNING:
'cuml' is a soft dependency and not included in the pycaret installation. Please run: `pip install cuml` to install.
2025-07-28 09:43:14,288:INFO:Initializing load_model()
2025-07-28 09:43:14,288:INFO:load_model(model_name=tuned_rf_diabetes, platform=None, authentication=None, verbose=True)
2025-07-28 09:44:21,179:INFO:Initializing load_model()
2025-07-28 09:44:21,179:INFO:load_model(model_name=tuned_rf_diabetes, platform=None, authentication=None, verbose=True)
2025-07-28 09:44:25,220:INFO:Initializing load_model()
2025-07-28 09:44:25,221:INFO:load_model(model_name=tuned_rf_diabetes, platform=None, authentication=None, verbose=True)
2025-07-28 09:44:31,223:INFO:Initializing load_model()
2025-07-28 09:44:31,223:INFO:load_model(model_name=tuned_rf_diabetes, platform=None, authentication=None, verbose=True)
2025-07-28 09:44:39,034:INFO:Initializing load_model()
2025-07-28 09:44:39,036:INFO:load_model(model_name=tuned_rf_diabetes, platform=None, authentication=None, verbose=True)
2025-07-28 09:44:40,813:INFO:Initializing load_model()
2025-07-28 09:44:40,813:INFO:load_model(model_name=tuned_rf_diabetes, platform=None, authentication=None, verbose=True)
2025-07-28 09:44:42,584:INFO:Initializing load_model()
2025-07-28 09:44:42,589:INFO:load_model(model_name=tuned_rf_diabetes, platform=None, authentication=None, verbose=True)
2025-07-28 09:44:46,402:INFO:Initializing load_model()
2025-07-28 09:44:46,402:INFO:load_model(model_name=tuned_rf_diabetes, platform=None, authentication=None, verbose=True)
2025-07-28 09:44:51,906:INFO:Initializing load_model()
2025-07-28 09:44:51,908:INFO:load_model(model_name=tuned_rf_diabetes, platform=None, authentication=None, verbose=True)
2025-07-28 09:44:55,849:INFO:Initializing load_model()
2025-07-28 09:44:55,849:INFO:load_model(model_name=tuned_rf_diabetes, platform=None, authentication=None, verbose=True)
2025-07-28 09:44:55,981:INFO:Initializing load_model()
2025-07-28 09:44:55,981:INFO:load_model(model_name=tuned_rf_diabetes, platform=None, authentication=None, verbose=True)
2025-07-28 09:44:56,041:INFO:Initializing predict_model()
2025-07-28 09:44:56,041:INFO:predict_model(self=<pycaret.classification.oop.ClassificationExperiment object at 0x000001C06AB76440>, estimator=Pipeline(memory=Memory(location=None),
         steps=[('numerical_imputer',
                 TransformerWrapper(include=['Pregnancies', 'Glucose',
                                             'BloodPressure', 'SkinThickness',
                                             'Insulin', 'BMI',
                                             'DiabetesPedigreeFunction',
                                             'Age'],
                                    transformer=SimpleImputer())),
                ('categorical_imputer',
                 TransformerWrapper(include=[],
                                    transformer=SimpleImputer(strategy='most_frequent'))),
                ('trained_model',
                 RandomForestClassifier(n_jobs=-1, random_state=123))]), probability_threshold=None, encoded_labels=False, raw_score=False, round=4, verbose=True, ml_usecase=None, preprocess=True, encode_labels=<function _SupervisedExperiment.predict_model.<locals>.encode_labels at 0x000001C06ACEE710>)
2025-07-28 09:44:56,041:INFO:Checking exceptions
2025-07-28 09:44:56,041:INFO:Preloading libraries
2025-07-28 09:44:56,042:INFO:Set up data.
2025-07-28 09:44:56,050:INFO:Set up index.
2025-07-28 09:45:00,582:INFO:Initializing load_model()
2025-07-28 09:45:00,583:INFO:load_model(model_name=tuned_rf_diabetes, platform=None, authentication=None, verbose=True)
2025-07-28 09:45:00,729:INFO:Initializing load_model()
2025-07-28 09:45:00,729:INFO:load_model(model_name=tuned_rf_diabetes, platform=None, authentication=None, verbose=True)
2025-07-28 09:45:00,780:INFO:Initializing predict_model()
2025-07-28 09:45:00,780:INFO:predict_model(self=<pycaret.classification.oop.ClassificationExperiment object at 0x000001C069936350>, estimator=Pipeline(memory=Memory(location=None),
         steps=[('numerical_imputer',
                 TransformerWrapper(include=['Pregnancies', 'Glucose',
                                             'BloodPressure', 'SkinThickness',
                                             'Insulin', 'BMI',
                                             'DiabetesPedigreeFunction',
                                             'Age'],
                                    transformer=SimpleImputer())),
                ('categorical_imputer',
                 TransformerWrapper(include=[],
                                    transformer=SimpleImputer(strategy='most_frequent'))),
                ('trained_model',
                 RandomForestClassifier(n_jobs=-1, random_state=123))]), probability_threshold=None, encoded_labels=False, raw_score=False, round=4, verbose=True, ml_usecase=None, preprocess=True, encode_labels=<function _SupervisedExperiment.predict_model.<locals>.encode_labels at 0x000001C00D2020E0>)
2025-07-28 09:45:00,780:INFO:Checking exceptions
2025-07-28 09:45:00,780:INFO:Preloading libraries
2025-07-28 09:45:00,780:INFO:Set up data.
2025-07-28 09:45:00,786:INFO:Set up index.
